Thu May 30 23:19:03 BRT 2019 : Apache Derby Servidor de Rede - 10.10.2.0 - (1582446) iniciado e pronto para aceitar conexões na porta 1527 em {3}
----------------------------------------------------------------
Thu May 30 23:19:05 BRT 2019:
 Inicializando o Derby versão The Apache Software Foundation - Apache Derby - 10.10.2.0 - (1582446): instância a816c00e-016b-0bae-de97-ffffa6863722
no diretório de banco de dados C:\Users\davil\OneDrive\Área de Trabalho\Projeto06\Escola\Escolar 

java.vendor=Oracle Corporation
java.runtime.version=1.8.0_202-b08
user.dir=C:\Program Files\glassfish-4.1.1\javadb
os.name=Windows 10
os.arch=amd64
os.version=10.0
derby.system.home=C:\Users\davil\OneDrive\Área de Trabalho\Projeto06\Escola
Carregador de classe do banco de dados iniciado - derby.database.classpath=''
----------------------------------------------------------------
Thu May 30 23:19:18 BRT 2019:
Encerrando a instância a816c00e-016b-0bae-de97-ffffa6863722
Thu May 30 23:19:18 BRT 2019 Thread[DRDAConnThread_3,5,main] (DATABASE = Escolar), (DRDAID = {2}), Banco de dados 'Escolar' fechado.
----------------------------------------------------------------
Thu May 30 23:19:28 BRT 2019:
 Inicializando o Derby versão The Apache Software Foundation - Apache Derby - 10.10.2.0 - (1582446): instância 560740aa-016b-0bae-de97-ffffa6863722
no diretório de banco de dados C:\Users\davil\OneDrive\Área de Trabalho\Projeto06\Escola\Escolar 

java.vendor=Oracle Corporation
java.runtime.version=1.8.0_202-b08
user.dir=C:\Program Files\glassfish-4.1.1\javadb
os.name=Windows 10
os.arch=amd64
os.version=10.0
derby.system.home=C:\Users\davil\OneDrive\Área de Trabalho\Projeto06\Escola
Carregador de classe do banco de dados iniciado - derby.database.classpath=''
